<?xml version="1.0" encoding="UTF-8"?>
<!-- Generated by org.testng.reporters.JUnitXMLReporter -->
<testsuite ignored="0" hostname="AlexandraPC" failures="0" tests="3" name="login test" time="44.889" errors="0" timestamp="2020-01-09T21:07:58 MSK">
  <testcase classname="by.stormnet.web.CommonTests" name="loginTest" time="5.378"/>
  <testcase classname="by.stormnet.web.CommonTests" name="onlinerTest" time="15.264"/>
  <testcase classname="by.stormnet.web.CommonTests" name="paginationTest" time="15.29"/>
</testsuite> <!-- login test -->
