<?xml version="1.0" encoding="UTF-8"?>
<testng-results ignored="0" total="3" passed="3" failed="0" skipped="0">
  <reporter-output>
  </reporter-output>
  <suite started-at="2020-01-09T21:07:13 MSK" name="Acceptance suite" finished-at="2020-01-09T21:07:58 MSK" duration-ms="44889">
    <groups>
    </groups>
    <test started-at="2020-01-09T21:07:13 MSK" name="login test" finished-at="2020-01-09T21:07:58 MSK" duration-ms="44889">
      <class name="by.stormnet.web.CommonTests">
        <test-method is-config="true" signature="setUp()[pri:0, instance:by.stormnet.web.CommonTests@4f25b795]" started-at="2020-01-09T21:07:13 MSK" name="setUp" finished-at="2020-01-09T21:07:19 MSK" duration-ms="5977" status="PASS">
          <reporter-output>
          </reporter-output>
        </test-method> <!-- setUp -->
        <test-method signature="loginTest()[pri:0, instance:by.stormnet.web.CommonTests@4f25b795]" started-at="2020-01-09T21:07:19 MSK" name="loginTest" finished-at="2020-01-09T21:07:24 MSK" duration-ms="5378" status="PASS">
          <reporter-output>
          </reporter-output>
        </test-method> <!-- loginTest -->
        <test-method signature="onlinerTest()[pri:0, instance:by.stormnet.web.CommonTests@4f25b795]" started-at="2020-01-09T21:07:24 MSK" name="onlinerTest" finished-at="2020-01-09T21:07:39 MSK" duration-ms="15264" status="PASS">
          <reporter-output>
          </reporter-output>
        </test-method> <!-- onlinerTest -->
        <test-method signature="paginationTest()[pri:0, instance:by.stormnet.web.CommonTests@4f25b795]" started-at="2020-01-09T21:07:39 MSK" name="paginationTest" finished-at="2020-01-09T21:07:55 MSK" duration-ms="15290" status="PASS">
          <reporter-output>
          </reporter-output>
        </test-method> <!-- paginationTest -->
        <test-method is-config="true" signature="tearDown()[pri:0, instance:by.stormnet.web.CommonTests@4f25b795]" started-at="2020-01-09T21:07:55 MSK" name="tearDown" finished-at="2020-01-09T21:07:57 MSK" duration-ms="2950" status="PASS">
          <reporter-output>
          </reporter-output>
        </test-method> <!-- tearDown -->
      </class> <!-- by.stormnet.web.CommonTests -->
    </test> <!-- login test -->
  </suite> <!-- Acceptance suite -->
</testng-results>
